<?xml version="1.0" encoding="UTF-8"?>
<testng-results ignored="0" total="11" passed="10" failed="1" skipped="0">
  <reporter-output>
  </reporter-output>
  <suite started-at="2024-09-25T18:14:13 IST" name="Default suite" finished-at="2024-09-25T18:20:55 IST" duration-ms="402769">
    <groups>
      <group name="cucumber">
        <method signature="AbstractTestNGCucumberTests.runScenario(io.cucumber.testng.PickleWrapper,io.cucumber.testng.FeatureWrapper)[pri:0, instance:testrunner.SmartSenseRunner@65e98b1c]" name="runScenario" class="io.cucumber.testng.AbstractTestNGCucumberTests"/>
      </group> <!-- cucumber -->
    </groups>
    <test started-at="2024-09-25T18:14:13 IST" name="Default test" finished-at="2024-09-25T18:20:55 IST" duration-ms="402769">
      <class name="testrunner.SmartSenseRunner">
        <test-method is-config="true" signature="setUpClass(org.testng.ITestContext)[pri:0, instance:testrunner.SmartSenseRunner@65e98b1c]" started-at="2024-09-25T18:14:13 IST" name="setUpClass" finished-at="2024-09-25T18:14:14 IST" duration-ms="1376" status="PASS">
          <params>
            <param index="0">
              <value>
                <![CDATA[org.testng.TestRunner@243deb3f]]>
              </value>
            </param>
          </params>
          <reporter-output>
          </reporter-output>
        </test-method> <!-- setUpClass -->
        <test-method signature="runScenario(io.cucumber.testng.PickleWrapper,io.cucumber.testng.FeatureWrapper)[pri:0, instance:testrunner.SmartSenseRunner@65e98b1c]" started-at="2024-09-25T18:14:14 IST" name="runScenario" description="Runs Cucumber Scenarios" data-provider="scenarios" finished-at="2024-09-25T18:15:04 IST" duration-ms="49695" status="PASS">
          <params>
            <param index="0">
              <value>
                <![CDATA["Validate Activity created and viewed successfully"]]>
              </value>
            </param>
            <param index="1">
              <value>
                <![CDATA["Test Activity Module"]]>
              </value>
            </param>
          </params>
          <reporter-output>
          </reporter-output>
        </test-method> <!-- runScenario -->
        <test-method signature="runScenario(io.cucumber.testng.PickleWrapper,io.cucumber.testng.FeatureWrapper)[pri:0, instance:testrunner.SmartSenseRunner@65e98b1c]" started-at="2024-09-25T18:15:04 IST" name="runScenario" description="Runs Cucumber Scenarios" data-provider="scenarios" finished-at="2024-09-25T18:15:14 IST" duration-ms="9768" status="PASS">
          <params>
            <param index="0">
              <value>
                <![CDATA["Login to Eco app"]]>
              </value>
            </param>
            <param index="1">
              <value>
                <![CDATA["create dashboard Module and Add ListView widget"]]>
              </value>
            </param>
          </params>
          <reporter-output>
          </reporter-output>
        </test-method> <!-- runScenario -->
        <test-method signature="runScenario(io.cucumber.testng.PickleWrapper,io.cucumber.testng.FeatureWrapper)[pri:0, instance:testrunner.SmartSenseRunner@65e98b1c]" started-at="2024-09-25T18:15:14 IST" name="runScenario" description="Runs Cucumber Scenarios" data-provider="scenarios" finished-at="2024-09-25T18:15:38 IST" duration-ms="24576" status="PASS">
          <params>
            <param index="0">
              <value>
                <![CDATA["Create dashboard and add Add ListView widget successfully"]]>
              </value>
            </param>
            <param index="1">
              <value>
                <![CDATA["create dashboard Module and Add ListView widget"]]>
              </value>
            </param>
          </params>
          <reporter-output>
          </reporter-output>
        </test-method> <!-- runScenario -->
        <test-method signature="runScenario(io.cucumber.testng.PickleWrapper,io.cucumber.testng.FeatureWrapper)[pri:0, instance:testrunner.SmartSenseRunner@65e98b1c]" started-at="2024-09-25T18:15:38 IST" name="runScenario" description="Runs Cucumber Scenarios" data-provider="scenarios" finished-at="2024-09-25T18:15:48 IST" duration-ms="9463" status="PASS">
          <params>
            <param index="0">
              <value>
                <![CDATA["Login to Eco app"]]>
              </value>
            </param>
            <param index="1">
              <value>
                <![CDATA["create dashboard Module and Add RunHours widget"]]>
              </value>
            </param>
          </params>
          <reporter-output>
          </reporter-output>
        </test-method> <!-- runScenario -->
        <test-method signature="runScenario(io.cucumber.testng.PickleWrapper,io.cucumber.testng.FeatureWrapper)[pri:0, instance:testrunner.SmartSenseRunner@65e98b1c]" started-at="2024-09-25T18:15:48 IST" name="runScenario" description="Runs Cucumber Scenarios" data-provider="scenarios" finished-at="2024-09-25T18:16:42 IST" duration-ms="54679" status="PASS">
          <params>
            <param index="0">
              <value>
                <![CDATA["Create dashboard and add Add RunHours widget successfully"]]>
              </value>
            </param>
            <param index="1">
              <value>
                <![CDATA["create dashboard Module and Add RunHours widget"]]>
              </value>
            </param>
          </params>
          <reporter-output>
          </reporter-output>
        </test-method> <!-- runScenario -->
        <test-method signature="runScenario(io.cucumber.testng.PickleWrapper,io.cucumber.testng.FeatureWrapper)[pri:0, instance:testrunner.SmartSenseRunner@65e98b1c]" started-at="2024-09-25T18:16:42 IST" name="runScenario" description="Runs Cucumber Scenarios" data-provider="scenarios" finished-at="2024-09-25T18:16:54 IST" duration-ms="11686" status="PASS">
          <params>
            <param index="0">
              <value>
                <![CDATA["Login to Eco app"]]>
              </value>
            </param>
            <param index="1">
              <value>
                <![CDATA["create dashboard Module and Add Table widget"]]>
              </value>
            </param>
          </params>
          <reporter-output>
          </reporter-output>
        </test-method> <!-- runScenario -->
        <test-method signature="runScenario(io.cucumber.testng.PickleWrapper,io.cucumber.testng.FeatureWrapper)[pri:0, instance:testrunner.SmartSenseRunner@65e98b1c]" started-at="2024-09-25T18:16:54 IST" name="runScenario" description="Runs Cucumber Scenarios" data-provider="scenarios" finished-at="2024-09-25T18:18:23 IST" duration-ms="89378" status="PASS">
          <params>
            <param index="0">
              <value>
                <![CDATA["Create dashboard and add Add Table widget successfully"]]>
              </value>
            </param>
            <param index="1">
              <value>
                <![CDATA["create dashboard Module and Add Table widget"]]>
              </value>
            </param>
          </params>
          <reporter-output>
          </reporter-output>
        </test-method> <!-- runScenario -->
        <test-method signature="runScenario(io.cucumber.testng.PickleWrapper,io.cucumber.testng.FeatureWrapper)[pri:0, instance:testrunner.SmartSenseRunner@65e98b1c]" started-at="2024-09-25T18:18:23 IST" name="runScenario" description="Runs Cucumber Scenarios" data-provider="scenarios" finished-at="2024-09-25T18:18:33 IST" duration-ms="10013" status="PASS">
          <params>
            <param index="0">
              <value>
                <![CDATA["Login to Eco app"]]>
              </value>
            </param>
            <param index="1">
              <value>
                <![CDATA["Create Service templates and Add widget"]]>
              </value>
            </param>
          </params>
          <reporter-output>
          </reporter-output>
        </test-method> <!-- runScenario -->
        <test-method signature="runScenario(io.cucumber.testng.PickleWrapper,io.cucumber.testng.FeatureWrapper)[pri:0, instance:testrunner.SmartSenseRunner@65e98b1c]" started-at="2024-09-25T18:18:33 IST" name="runScenario" description="Runs Cucumber Scenarios" data-provider="scenarios" finished-at="2024-09-25T18:19:55 IST" duration-ms="81991" status="FAIL">
          <params>
            <param index="0">
              <value>
                <![CDATA["Create Service templates and Add,Clone & Delete different cloned widgets successfully"]]>
              </value>
            </param>
            <param index="1">
              <value>
                <![CDATA["Create Service templates and Add widget"]]>
              </value>
            </param>
          </params>
          <exception class="org.openqa.selenium.JavascriptException">
            <message>
              <![CDATA[javascript error: {"status":60,"value":"[object HTMLDivElement] has no size and location"}
  (Session info: chrome=129.0.6668.59)
Build info: version: '4.20.0', revision: '866c76ca80'
System info: os.name: 'Windows 10', os.arch: 'amd64', os.version: '10.0', java.version: '18.0.1'
Driver info: org.openqa.selenium.chrome.ChromeDriver
Command: [d83662343b617fe3cfe67ef1a7e25f15, actions {actions=[org.openqa.selenium.interactions.Sequence@1d0695da]}]
Capabilities {acceptInsecureCerts: false, browserName: chrome, browserVersion: 129.0.6668.59, chrome: {chromedriverVersion: 129.0.6668.70 (df87d5cf12b1..., userDataDir: C:\Users\LENOVO\AppData\Loc...}, fedcm:accounts: true, goog:chromeOptions: {debuggerAddress: localhost:58854}, networkConnectionEnabled: false, pageLoadStrategy: normal, platformName: windows, proxy: Proxy(), se:cdp: ws://localhost:58854/devtoo..., se:cdpVersion: 129.0.6668.59, setWindowRect: true, strictFileInteractability: false, timeouts: {implicit: 0, pageLoad: 300000, script: 30000}, unhandledPromptBehavior: dismiss and notify, webauthn:extension:credBlob: true, webauthn:extension:largeBlob: true, webauthn:extension:minPinLength: true, webauthn:extension:prf: true, webauthn:virtualAuthenticators: true}
Session ID: d83662343b617fe3cfe67ef1a7e25f15]]>
            </message>
            <full-stacktrace>
              <![CDATA[org.openqa.selenium.JavascriptException: javascript error: {"status":60,"value":"[object HTMLDivElement] has no size and location"}
  (Session info: chrome=129.0.6668.59)
Build info: version: '4.20.0', revision: '866c76ca80'
System info: os.name: 'Windows 10', os.arch: 'amd64', os.version: '10.0', java.version: '18.0.1'
Driver info: org.openqa.selenium.chrome.ChromeDriver
Command: [d83662343b617fe3cfe67ef1a7e25f15, actions {actions=[org.openqa.selenium.interactions.Sequence@1d0695da]}]
Capabilities {acceptInsecureCerts: false, browserName: chrome, browserVersion: 129.0.6668.59, chrome: {chromedriverVersion: 129.0.6668.70 (df87d5cf12b1..., userDataDir: C:\Users\LENOVO\AppData\Loc...}, fedcm:accounts: true, goog:chromeOptions: {debuggerAddress: localhost:58854}, networkConnectionEnabled: false, pageLoadStrategy: normal, platformName: windows, proxy: Proxy(), se:cdp: ws://localhost:58854/devtoo..., se:cdpVersion: 129.0.6668.59, setWindowRect: true, strictFileInteractability: false, timeouts: {implicit: 0, pageLoad: 300000, script: 30000}, unhandledPromptBehavior: dismiss and notify, webauthn:extension:credBlob: true, webauthn:extension:largeBlob: true, webauthn:extension:minPinLength: true, webauthn:extension:prf: true, webauthn:virtualAuthenticators: true}
Session ID: d83662343b617fe3cfe67ef1a7e25f15
at java.base/jdk.internal.reflect.DirectConstructorHandleAccessor.newInstance(DirectConstructorHandleAccessor.java:67)
at java.base/java.lang.reflect.Constructor.newInstanceWithCaller(Constructor.java:499)
at java.base/java.lang.reflect.Constructor.newInstance(Constructor.java:483)
at org.openqa.selenium.remote.ErrorCodec.decode(ErrorCodec.java:167)
at org.openqa.selenium.remote.codec.w3c.W3CHttpResponseCodec.decode(W3CHttpResponseCodec.java:138)
at org.openqa.selenium.remote.codec.w3c.W3CHttpResponseCodec.decode(W3CHttpResponseCodec.java:50)
at org.openqa.selenium.remote.HttpCommandExecutor.execute(HttpCommandExecutor.java:190)
at org.openqa.selenium.remote.service.DriverCommandExecutor.invokeExecute(DriverCommandExecutor.java:216)
at org.openqa.selenium.remote.service.DriverCommandExecutor.execute(DriverCommandExecutor.java:174)
at org.openqa.selenium.remote.RemoteWebDriver.execute(RemoteWebDriver.java:518)
at org.openqa.selenium.remote.RemoteWebDriver.perform(RemoteWebDriver.java:604)
at org.openqa.selenium.interactions.Actions$BuiltAction.perform(Actions.java:603)
at pageclases.AddWidgetsOfServiceTemplates.copyAndDeleteCopiedWidget(AddWidgetsOfServiceTemplates.java:584)
at stepdefinations.AddWidgetsOfServiceTemplatesSteps.clone_dispayed_widget_it_gets_clone_and_after_delete_that_cloned_widget_it_gets_delete(AddWidgetsOfServiceTemplatesSteps.java:46)
at ✽.Clone dispayed "Workplace Overview" widget it gets clone and after delete that cloned widget it gets delete(file:///C:/Users/LENOVO/git/repository2/Eco_PVT_LTD/src/test/resources/featureFiles/AddWidgetsOfServiceTemplates.feature:18)
]]>
            </full-stacktrace>
          </exception> <!-- org.openqa.selenium.JavascriptException -->
          <reporter-output>
          </reporter-output>
        </test-method> <!-- runScenario -->
        <test-method signature="runScenario(io.cucumber.testng.PickleWrapper,io.cucumber.testng.FeatureWrapper)[pri:0, instance:testrunner.SmartSenseRunner@65e98b1c]" started-at="2024-09-25T18:19:55 IST" name="runScenario" description="Runs Cucumber Scenarios" data-provider="scenarios" finished-at="2024-09-25T18:20:39 IST" duration-ms="44050" status="PASS">
          <params>
            <param index="0">
              <value>
                <![CDATA["Edit and Update the user profile"]]>
              </value>
            </param>
            <param index="1">
              <value>
                <![CDATA["Test the User Profile Modeule"]]>
              </value>
            </param>
          </params>
          <reporter-output>
          </reporter-output>
        </test-method> <!-- runScenario -->
        <test-method signature="runScenario(io.cucumber.testng.PickleWrapper,io.cucumber.testng.FeatureWrapper)[pri:0, instance:testrunner.SmartSenseRunner@65e98b1c]" started-at="2024-09-25T18:20:39 IST" name="runScenario" description="Runs Cucumber Scenarios" data-provider="scenarios" finished-at="2024-09-25T18:20:50 IST" duration-ms="10392" status="PASS">
          <params>
            <param index="0">
              <value>
                <![CDATA["Successful Login with Valid Credentials"]]>
              </value>
            </param>
            <param index="1">
              <value>
                <![CDATA["Login"]]>
              </value>
            </param>
          </params>
          <reporter-output>
          </reporter-output>
        </test-method> <!-- runScenario -->
        <test-method is-config="true" signature="tearDownClass()[pri:0, instance:testrunner.SmartSenseRunner@65e98b1c]" started-at="2024-09-25T18:20:50 IST" name="tearDownClass" finished-at="2024-09-25T18:20:55 IST" duration-ms="5575" status="PASS">
          <reporter-output>
          </reporter-output>
        </test-method> <!-- tearDownClass -->
      </class> <!-- testrunner.SmartSenseRunner -->
    </test> <!-- Default test -->
  </suite> <!-- Default suite -->
</testng-results>
