<?xml version="1.0" encoding="UTF-8"?>
<testng-results ignored="0" total="10" passed="9" failed="1" skipped="0">
  <reporter-output>
  </reporter-output>
  <suite started-at="2024-09-25T23:45:26 IST" name="Default suite" finished-at="2024-09-25T23:50:51 IST" duration-ms="325475">
    <groups>
      <group name="cucumber">
        <method signature="AbstractTestNGCucumberTests.runScenario(io.cucumber.testng.PickleWrapper,io.cucumber.testng.FeatureWrapper)[pri:0, instance:testrunner.SmartSenseRunner@65e98b1c]" name="runScenario" class="io.cucumber.testng.AbstractTestNGCucumberTests"/>
      </group> <!-- cucumber -->
    </groups>
    <test started-at="2024-09-25T23:45:26 IST" name="Default test" finished-at="2024-09-25T23:50:51 IST" duration-ms="325475">
      <class name="testrunner.SmartSenseRunner">
        <test-method is-config="true" signature="setUpClass(org.testng.ITestContext)[pri:0, instance:testrunner.SmartSenseRunner@65e98b1c]" started-at="2024-09-25T23:45:26 IST" name="setUpClass" finished-at="2024-09-25T23:45:28 IST" duration-ms="2008" status="PASS">
          <params>
            <param index="0">
              <value>
                <![CDATA[org.testng.TestRunner@387bbd7a]]>
              </value>
            </param>
          </params>
          <reporter-output>
          </reporter-output>
        </test-method> <!-- setUpClass -->
        <test-method signature="runScenario(io.cucumber.testng.PickleWrapper,io.cucumber.testng.FeatureWrapper)[pri:0, instance:testrunner.SmartSenseRunner@65e98b1c]" started-at="2024-09-25T23:45:28 IST" name="runScenario" description="Runs Cucumber Scenarios" data-provider="scenarios" finished-at="2024-09-25T23:46:16 IST" duration-ms="47920" status="PASS">
          <params>
            <param index="0">
              <value>
                <![CDATA["Validate Activity created and viewed successfully"]]>
              </value>
            </param>
            <param index="1">
              <value>
                <![CDATA["Test Activity Module"]]>
              </value>
            </param>
          </params>
          <reporter-output>
          </reporter-output>
        </test-method> <!-- runScenario -->
        <test-method signature="runScenario(io.cucumber.testng.PickleWrapper,io.cucumber.testng.FeatureWrapper)[pri:0, instance:testrunner.SmartSenseRunner@65e98b1c]" started-at="2024-09-25T23:46:16 IST" name="runScenario" description="Runs Cucumber Scenarios" data-provider="scenarios" finished-at="2024-09-25T23:46:25 IST" duration-ms="9159" status="PASS">
          <params>
            <param index="0">
              <value>
                <![CDATA["Login to Eco app"]]>
              </value>
            </param>
            <param index="1">
              <value>
                <![CDATA["create dashboard Module and Add ListView widget"]]>
              </value>
            </param>
          </params>
          <reporter-output>
          </reporter-output>
        </test-method> <!-- runScenario -->
        <test-method signature="runScenario(io.cucumber.testng.PickleWrapper,io.cucumber.testng.FeatureWrapper)[pri:0, instance:testrunner.SmartSenseRunner@65e98b1c]" started-at="2024-09-25T23:46:25 IST" name="runScenario" description="Runs Cucumber Scenarios" data-provider="scenarios" finished-at="2024-09-25T23:46:51 IST" duration-ms="26506" status="PASS">
          <params>
            <param index="0">
              <value>
                <![CDATA["Create dashboard and add Add ListView widget successfully"]]>
              </value>
            </param>
            <param index="1">
              <value>
                <![CDATA["create dashboard Module and Add ListView widget"]]>
              </value>
            </param>
          </params>
          <reporter-output>
          </reporter-output>
        </test-method> <!-- runScenario -->
        <test-method signature="runScenario(io.cucumber.testng.PickleWrapper,io.cucumber.testng.FeatureWrapper)[pri:0, instance:testrunner.SmartSenseRunner@65e98b1c]" started-at="2024-09-25T23:46:51 IST" name="runScenario" description="Runs Cucumber Scenarios" data-provider="scenarios" finished-at="2024-09-25T23:47:01 IST" duration-ms="9303" status="PASS">
          <params>
            <param index="0">
              <value>
                <![CDATA["Login to Eco app"]]>
              </value>
            </param>
            <param index="1">
              <value>
                <![CDATA["create dashboard Module and Add RunHours widget"]]>
              </value>
            </param>
          </params>
          <reporter-output>
          </reporter-output>
        </test-method> <!-- runScenario -->
        <test-method signature="runScenario(io.cucumber.testng.PickleWrapper,io.cucumber.testng.FeatureWrapper)[pri:0, instance:testrunner.SmartSenseRunner@65e98b1c]" started-at="2024-09-25T23:47:01 IST" name="runScenario" description="Runs Cucumber Scenarios" data-provider="scenarios" finished-at="2024-09-25T23:47:59 IST" duration-ms="58463" status="PASS">
          <params>
            <param index="0">
              <value>
                <![CDATA["Create dashboard and add Add RunHours widget successfully"]]>
              </value>
            </param>
            <param index="1">
              <value>
                <![CDATA["create dashboard Module and Add RunHours widget"]]>
              </value>
            </param>
          </params>
          <reporter-output>
          </reporter-output>
        </test-method> <!-- runScenario -->
        <test-method signature="runScenario(io.cucumber.testng.PickleWrapper,io.cucumber.testng.FeatureWrapper)[pri:0, instance:testrunner.SmartSenseRunner@65e98b1c]" started-at="2024-09-25T23:47:59 IST" name="runScenario" description="Runs Cucumber Scenarios" data-provider="scenarios" finished-at="2024-09-25T23:48:09 IST" duration-ms="9788" status="PASS">
          <params>
            <param index="0">
              <value>
                <![CDATA["Login to Eco app"]]>
              </value>
            </param>
            <param index="1">
              <value>
                <![CDATA["Create Service templates and Add widget"]]>
              </value>
            </param>
          </params>
          <reporter-output>
          </reporter-output>
        </test-method> <!-- runScenario -->
        <test-method signature="runScenario(io.cucumber.testng.PickleWrapper,io.cucumber.testng.FeatureWrapper)[pri:0, instance:testrunner.SmartSenseRunner@65e98b1c]" started-at="2024-09-25T23:48:09 IST" name="runScenario" description="Runs Cucumber Scenarios" data-provider="scenarios" finished-at="2024-09-25T23:48:20 IST" duration-ms="11252" status="FAIL">
          <params>
            <param index="0">
              <value>
                <![CDATA["Create Service templates and Add,Clone & Delete different cloned widgets successfully"]]>
              </value>
            </param>
            <param index="1">
              <value>
                <![CDATA["Create Service templates and Add widget"]]>
              </value>
            </param>
          </params>
          <exception class="org.openqa.selenium.NoSuchElementException">
            <message>
              <![CDATA[no such element: Unable to locate element: {"method":"xpath","selector":"//div[text()='QADemo']/ancestor::div[@class='rt-tr -odd' or  @class='rt-tr -even']//span[@class='checkmark']"}
  (Session info: chrome=129.0.6668.59)
For documentation on this error, please visit: https://www.selenium.dev/documentation/webdriver/troubleshooting/errors#no-such-element-exception
Build info: version: '4.20.0', revision: '866c76ca80'
System info: os.name: 'Windows 10', os.arch: 'amd64', os.version: '10.0', java.version: '18.0.1'
Driver info: org.openqa.selenium.chrome.ChromeDriver
Command: [17239bc48aac6f7b2c9b56b83eef67d1, findElement {using=xpath, value=//div[text()='QADemo']/ancestor::div[@class='rt-tr -odd' or  @class='rt-tr -even']//span[@class='checkmark']}]
Capabilities {acceptInsecureCerts: false, browserName: chrome, browserVersion: 129.0.6668.59, chrome: {chromedriverVersion: 129.0.6668.70 (df87d5cf12b1..., userDataDir: C:\Users\LENOVO\AppData\Loc...}, fedcm:accounts: true, goog:chromeOptions: {debuggerAddress: localhost:51159}, networkConnectionEnabled: false, pageLoadStrategy: normal, platformName: windows, proxy: Proxy(), se:cdp: ws://localhost:51159/devtoo..., se:cdpVersion: 129.0.6668.59, setWindowRect: true, strictFileInteractability: false, timeouts: {implicit: 0, pageLoad: 300000, script: 30000}, unhandledPromptBehavior: dismiss and notify, webauthn:extension:credBlob: true, webauthn:extension:largeBlob: true, webauthn:extension:minPinLength: true, webauthn:extension:prf: true, webauthn:virtualAuthenticators: true}
Session ID: 17239bc48aac6f7b2c9b56b83eef67d1]]>
            </message>
            <full-stacktrace>
              <![CDATA[org.openqa.selenium.NoSuchElementException: no such element: Unable to locate element: {"method":"xpath","selector":"//div[text()='QADemo']/ancestor::div[@class='rt-tr -odd' or  @class='rt-tr -even']//span[@class='checkmark']"}
  (Session info: chrome=129.0.6668.59)
For documentation on this error, please visit: https://www.selenium.dev/documentation/webdriver/troubleshooting/errors#no-such-element-exception
Build info: version: '4.20.0', revision: '866c76ca80'
System info: os.name: 'Windows 10', os.arch: 'amd64', os.version: '10.0', java.version: '18.0.1'
Driver info: org.openqa.selenium.chrome.ChromeDriver
Command: [17239bc48aac6f7b2c9b56b83eef67d1, findElement {using=xpath, value=//div[text()='QADemo']/ancestor::div[@class='rt-tr -odd' or  @class='rt-tr -even']//span[@class='checkmark']}]
Capabilities {acceptInsecureCerts: false, browserName: chrome, browserVersion: 129.0.6668.59, chrome: {chromedriverVersion: 129.0.6668.70 (df87d5cf12b1..., userDataDir: C:\Users\LENOVO\AppData\Loc...}, fedcm:accounts: true, goog:chromeOptions: {debuggerAddress: localhost:51159}, networkConnectionEnabled: false, pageLoadStrategy: normal, platformName: windows, proxy: Proxy(), se:cdp: ws://localhost:51159/devtoo..., se:cdpVersion: 129.0.6668.59, setWindowRect: true, strictFileInteractability: false, timeouts: {implicit: 0, pageLoad: 300000, script: 30000}, unhandledPromptBehavior: dismiss and notify, webauthn:extension:credBlob: true, webauthn:extension:largeBlob: true, webauthn:extension:minPinLength: true, webauthn:extension:prf: true, webauthn:virtualAuthenticators: true}
Session ID: 17239bc48aac6f7b2c9b56b83eef67d1
at java.base/jdk.internal.reflect.DirectConstructorHandleAccessor.newInstance(DirectConstructorHandleAccessor.java:67)
at java.base/java.lang.reflect.Constructor.newInstanceWithCaller(Constructor.java:499)
at java.base/java.lang.reflect.Constructor.newInstance(Constructor.java:483)
at org.openqa.selenium.remote.ErrorCodec.decode(ErrorCodec.java:167)
at org.openqa.selenium.remote.codec.w3c.W3CHttpResponseCodec.decode(W3CHttpResponseCodec.java:138)
at org.openqa.selenium.remote.codec.w3c.W3CHttpResponseCodec.decode(W3CHttpResponseCodec.java:50)
at org.openqa.selenium.remote.HttpCommandExecutor.execute(HttpCommandExecutor.java:190)
at org.openqa.selenium.remote.service.DriverCommandExecutor.invokeExecute(DriverCommandExecutor.java:216)
at org.openqa.selenium.remote.service.DriverCommandExecutor.execute(DriverCommandExecutor.java:174)
at org.openqa.selenium.remote.RemoteWebDriver.execute(RemoteWebDriver.java:518)
at org.openqa.selenium.remote.ElementLocation$ElementFinder$2.findElement(ElementLocation.java:165)
at org.openqa.selenium.remote.ElementLocation.findElement(ElementLocation.java:59)
at org.openqa.selenium.remote.RemoteWebDriver.findElement(RemoteWebDriver.java:355)
at org.openqa.selenium.remote.RemoteWebDriver.findElement(RemoteWebDriver.java:349)
at pageclases.AddWidgetsOfServiceTemplates.clickOnCheckBoxAndTemplateName(AddWidgetsOfServiceTemplates.java:246)
at stepdefinations.AddWidgetsOfServiceTemplatesSteps.click_on_check_box_and_template_whose_name_as(AddWidgetsOfServiceTemplatesSteps.java:23)
at ✽.Click on checkBox and template whose name as "QADemo"(file:///C:/Users/LENOVO/git/repository2/Eco_PVT_LTD/src/test/resources/featureFiles/AddServiceTemplateWidgets.feature:14)
]]>
            </full-stacktrace>
          </exception> <!-- org.openqa.selenium.NoSuchElementException -->
          <reporter-output>
          </reporter-output>
        </test-method> <!-- runScenario -->
        <test-method signature="runScenario(io.cucumber.testng.PickleWrapper,io.cucumber.testng.FeatureWrapper)[pri:0, instance:testrunner.SmartSenseRunner@65e98b1c]" started-at="2024-09-25T23:48:20 IST" name="runScenario" description="Runs Cucumber Scenarios" data-provider="scenarios" finished-at="2024-09-25T23:48:33 IST" duration-ms="12867" status="PASS">
          <params>
            <param index="0">
              <value>
                <![CDATA["Login to Eco app"]]>
              </value>
            </param>
            <param index="1">
              <value>
                <![CDATA["create dashboard Module and Add Table widget"]]>
              </value>
            </param>
          </params>
          <reporter-output>
          </reporter-output>
        </test-method> <!-- runScenario -->
        <test-method signature="runScenario(io.cucumber.testng.PickleWrapper,io.cucumber.testng.FeatureWrapper)[pri:0, instance:testrunner.SmartSenseRunner@65e98b1c]" started-at="2024-09-25T23:48:33 IST" name="runScenario" description="Runs Cucumber Scenarios" data-provider="scenarios" finished-at="2024-09-25T23:50:37 IST" duration-ms="123509" status="PASS">
          <params>
            <param index="0">
              <value>
                <![CDATA["Create dashboard and add Add Table widget successfully"]]>
              </value>
            </param>
            <param index="1">
              <value>
                <![CDATA["create dashboard Module and Add Table widget"]]>
              </value>
            </param>
          </params>
          <reporter-output>
          </reporter-output>
        </test-method> <!-- runScenario -->
        <test-method signature="runScenario(io.cucumber.testng.PickleWrapper,io.cucumber.testng.FeatureWrapper)[pri:0, instance:testrunner.SmartSenseRunner@65e98b1c]" started-at="2024-09-25T23:50:37 IST" name="runScenario" description="Runs Cucumber Scenarios" data-provider="scenarios" finished-at="2024-09-25T23:50:47 IST" duration-ms="9958" status="PASS">
          <params>
            <param index="0">
              <value>
                <![CDATA["Successful Login with Valid Credentials"]]>
              </value>
            </param>
            <param index="1">
              <value>
                <![CDATA["Login"]]>
              </value>
            </param>
          </params>
          <reporter-output>
          </reporter-output>
        </test-method> <!-- runScenario -->
        <test-method is-config="true" signature="tearDownClass()[pri:0, instance:testrunner.SmartSenseRunner@65e98b1c]" started-at="2024-09-25T23:50:47 IST" name="tearDownClass" finished-at="2024-09-25T23:50:51 IST" duration-ms="4582" status="PASS">
          <reporter-output>
          </reporter-output>
        </test-method> <!-- tearDownClass -->
      </class> <!-- testrunner.SmartSenseRunner -->
    </test> <!-- Default test -->
  </suite> <!-- Default suite -->
</testng-results>
