<?xml version="1.0" encoding="UTF-8"?>
<!-- Generated by org.testng.reporters.JUnitReportReporter -->
<testsuite hostname="DESKTOP-FQ8B5OB" failures="0" tests="11" name="testrunner.SmartSenseRunner" time="395.691" errors="1" timestamp="2024-09-25T18:20:56 IST" skipped="0">
  <testcase classname="testrunner.SmartSenseRunner" name="runScenario" time="9.463"/>
  <testcase classname="testrunner.SmartSenseRunner" name="runScenario" time="89.378"/>
  <testcase classname="testrunner.SmartSenseRunner" name="runScenario" time="81.991">
    <error message="javascript error: {&quot;status&quot;:60,&quot;value&quot;:&quot;[object HTMLDivElement] has no size and location&quot;}
  (Session info: chrome=129.0.6668.59)
Build info: version: &#039;4.20.0&#039;, revision: &#039;866c76ca80&#039;
System info: os.name: &#039;Windows 10&#039;, os.arch: &#039;amd64&#039;, os.version: &#039;10.0&#039;, java.version: &#039;18.0.1&#039;
Driver info: org.openqa.selenium.chrome.ChromeDriver
Command: [d83662343b617fe3cfe67ef1a7e25f15, actions {actions=[org.openqa.selenium.interactions.Sequence@1d0695da]}]
Capabilities {acceptInsecureCerts: false, browserName: chrome, browserVersion: 129.0.6668.59, chrome: {chromedriverVersion: 129.0.6668.70 (df87d5cf12b1..., userDataDir: C:\Users\LENOVO\AppData\Loc...}, fedcm:accounts: true, goog:chromeOptions: {debuggerAddress: localhost:58854}, networkConnectionEnabled: false, pageLoadStrategy: normal, platformName: windows, proxy: Proxy(), se:cdp: ws://localhost:58854/devtoo..., se:cdpVersion: 129.0.6668.59, setWindowRect: true, strictFileInteractability: false, timeouts: {implicit: 0, pageLoad: 300000, script: 30000}, unhandledPromptBehavior: dismiss and notify, webauthn:extension:credBlob: true, webauthn:extension:largeBlob: true, webauthn:extension:minPinLength: true, webauthn:extension:prf: true, webauthn:virtualAuthenticators: true}
Session ID: d83662343b617fe3cfe67ef1a7e25f15" type="org.openqa.selenium.JavascriptException">
      <![CDATA[org.openqa.selenium.JavascriptException: javascript error: {"status":60,"value":"[object HTMLDivElement] has no size and location"}
  (Session info: chrome=129.0.6668.59)
Build info: version: '4.20.0', revision: '866c76ca80'
System info: os.name: 'Windows 10', os.arch: 'amd64', os.version: '10.0', java.version: '18.0.1'
Driver info: org.openqa.selenium.chrome.ChromeDriver
Command: [d83662343b617fe3cfe67ef1a7e25f15, actions {actions=[org.openqa.selenium.interactions.Sequence@1d0695da]}]
Capabilities {acceptInsecureCerts: false, browserName: chrome, browserVersion: 129.0.6668.59, chrome: {chromedriverVersion: 129.0.6668.70 (df87d5cf12b1..., userDataDir: C:\Users\LENOVO\AppData\Loc...}, fedcm:accounts: true, goog:chromeOptions: {debuggerAddress: localhost:58854}, networkConnectionEnabled: false, pageLoadStrategy: normal, platformName: windows, proxy: Proxy(), se:cdp: ws://localhost:58854/devtoo..., se:cdpVersion: 129.0.6668.59, setWindowRect: true, strictFileInteractability: false, timeouts: {implicit: 0, pageLoad: 300000, script: 30000}, unhandledPromptBehavior: dismiss and notify, webauthn:extension:credBlob: true, webauthn:extension:largeBlob: true, webauthn:extension:minPinLength: true, webauthn:extension:prf: true, webauthn:virtualAuthenticators: true}
Session ID: d83662343b617fe3cfe67ef1a7e25f15
at java.base/jdk.internal.reflect.DirectConstructorHandleAccessor.newInstance(DirectConstructorHandleAccessor.java:67)
at java.base/java.lang.reflect.Constructor.newInstanceWithCaller(Constructor.java:499)
at java.base/java.lang.reflect.Constructor.newInstance(Constructor.java:483)
at org.openqa.selenium.remote.ErrorCodec.decode(ErrorCodec.java:167)
at org.openqa.selenium.remote.codec.w3c.W3CHttpResponseCodec.decode(W3CHttpResponseCodec.java:138)
at org.openqa.selenium.remote.codec.w3c.W3CHttpResponseCodec.decode(W3CHttpResponseCodec.java:50)
at org.openqa.selenium.remote.HttpCommandExecutor.execute(HttpCommandExecutor.java:190)
at org.openqa.selenium.remote.service.DriverCommandExecutor.invokeExecute(DriverCommandExecutor.java:216)
at org.openqa.selenium.remote.service.DriverCommandExecutor.execute(DriverCommandExecutor.java:174)
at org.openqa.selenium.remote.RemoteWebDriver.execute(RemoteWebDriver.java:518)
at org.openqa.selenium.remote.RemoteWebDriver.perform(RemoteWebDriver.java:604)
at org.openqa.selenium.interactions.Actions$BuiltAction.perform(Actions.java:603)
at pageclases.AddWidgetsOfServiceTemplates.copyAndDeleteCopiedWidget(AddWidgetsOfServiceTemplates.java:584)
at stepdefinations.AddWidgetsOfServiceTemplatesSteps.clone_dispayed_widget_it_gets_clone_and_after_delete_that_cloned_widget_it_gets_delete(AddWidgetsOfServiceTemplatesSteps.java:46)
at ✽.Clone dispayed "Workplace Overview" widget it gets clone and after delete that cloned widget it gets delete(file:///C:/Users/LENOVO/git/repository2/Eco_PVT_LTD/src/test/resources/featureFiles/AddWidgetsOfServiceTemplates.feature:18)
]]>
    </error>
  </testcase> <!-- runScenario -->
  <testcase classname="testrunner.SmartSenseRunner" name="runScenario" time="10.013"/>
  <testcase classname="testrunner.SmartSenseRunner" name="runScenario" time="44.050"/>
  <testcase classname="testrunner.SmartSenseRunner" name="runScenario" time="54.679"/>
  <testcase classname="testrunner.SmartSenseRunner" name="runScenario" time="11.686"/>
  <testcase classname="testrunner.SmartSenseRunner" name="runScenario" time="49.695"/>
  <testcase classname="testrunner.SmartSenseRunner" name="runScenario" time="24.576"/>
  <testcase classname="testrunner.SmartSenseRunner" name="runScenario" time="10.392"/>
  <testcase classname="testrunner.SmartSenseRunner" name="runScenario" time="9.768"/>
</testsuite> <!-- testrunner.SmartSenseRunner -->
