<?xml version="1.0" encoding="UTF-8"?>
<!-- Generated by org.testng.reporters.JUnitReportReporter -->
<testsuite hostname="DESKTOP-FQ8B5OB" failures="0" tests="10" name="testrunner.SmartSenseRunner" time="318.725" errors="1" timestamp="2024-09-25T23:50:52 IST" skipped="0">
  <testcase classname="testrunner.SmartSenseRunner" name="runScenario" time="9.788"/>
  <testcase classname="testrunner.SmartSenseRunner" name="runScenario" time="123.509"/>
  <testcase classname="testrunner.SmartSenseRunner" name="runScenario" time="26.506"/>
  <testcase classname="testrunner.SmartSenseRunner" name="runScenario" time="11.252">
    <error message="no such element: Unable to locate element: {&quot;method&quot;:&quot;xpath&quot;,&quot;selector&quot;:&quot;//div[text()=&#039;QADemo&#039;]/ancestor::div[@class=&#039;rt-tr -odd&#039; or  @class=&#039;rt-tr -even&#039;]//span[@class=&#039;checkmark&#039;]&quot;}
  (Session info: chrome=129.0.6668.59)
For documentation on this error, please visit: https://www.selenium.dev/documentation/webdriver/troubleshooting/errors#no-such-element-exception
Build info: version: &#039;4.20.0&#039;, revision: &#039;866c76ca80&#039;
System info: os.name: &#039;Windows 10&#039;, os.arch: &#039;amd64&#039;, os.version: &#039;10.0&#039;, java.version: &#039;18.0.1&#039;
Driver info: org.openqa.selenium.chrome.ChromeDriver
Command: [17239bc48aac6f7b2c9b56b83eef67d1, findElement {using=xpath, value=//div[text()=&#039;QADemo&#039;]/ancestor::div[@class=&#039;rt-tr -odd&#039; or  @class=&#039;rt-tr -even&#039;]//span[@class=&#039;checkmark&#039;]}]
Capabilities {acceptInsecureCerts: false, browserName: chrome, browserVersion: 129.0.6668.59, chrome: {chromedriverVersion: 129.0.6668.70 (df87d5cf12b1..., userDataDir: C:\Users\LENOVO\AppData\Loc...}, fedcm:accounts: true, goog:chromeOptions: {debuggerAddress: localhost:51159}, networkConnectionEnabled: false, pageLoadStrategy: normal, platformName: windows, proxy: Proxy(), se:cdp: ws://localhost:51159/devtoo..., se:cdpVersion: 129.0.6668.59, setWindowRect: true, strictFileInteractability: false, timeouts: {implicit: 0, pageLoad: 300000, script: 30000}, unhandledPromptBehavior: dismiss and notify, webauthn:extension:credBlob: true, webauthn:extension:largeBlob: true, webauthn:extension:minPinLength: true, webauthn:extension:prf: true, webauthn:virtualAuthenticators: true}
Session ID: 17239bc48aac6f7b2c9b56b83eef67d1" type="org.openqa.selenium.NoSuchElementException">
      <![CDATA[org.openqa.selenium.NoSuchElementException: no such element: Unable to locate element: {"method":"xpath","selector":"//div[text()='QADemo']/ancestor::div[@class='rt-tr -odd' or  @class='rt-tr -even']//span[@class='checkmark']"}
  (Session info: chrome=129.0.6668.59)
For documentation on this error, please visit: https://www.selenium.dev/documentation/webdriver/troubleshooting/errors#no-such-element-exception
Build info: version: '4.20.0', revision: '866c76ca80'
System info: os.name: 'Windows 10', os.arch: 'amd64', os.version: '10.0', java.version: '18.0.1'
Driver info: org.openqa.selenium.chrome.ChromeDriver
Command: [17239bc48aac6f7b2c9b56b83eef67d1, findElement {using=xpath, value=//div[text()='QADemo']/ancestor::div[@class='rt-tr -odd' or  @class='rt-tr -even']//span[@class='checkmark']}]
Capabilities {acceptInsecureCerts: false, browserName: chrome, browserVersion: 129.0.6668.59, chrome: {chromedriverVersion: 129.0.6668.70 (df87d5cf12b1..., userDataDir: C:\Users\LENOVO\AppData\Loc...}, fedcm:accounts: true, goog:chromeOptions: {debuggerAddress: localhost:51159}, networkConnectionEnabled: false, pageLoadStrategy: normal, platformName: windows, proxy: Proxy(), se:cdp: ws://localhost:51159/devtoo..., se:cdpVersion: 129.0.6668.59, setWindowRect: true, strictFileInteractability: false, timeouts: {implicit: 0, pageLoad: 300000, script: 30000}, unhandledPromptBehavior: dismiss and notify, webauthn:extension:credBlob: true, webauthn:extension:largeBlob: true, webauthn:extension:minPinLength: true, webauthn:extension:prf: true, webauthn:virtualAuthenticators: true}
Session ID: 17239bc48aac6f7b2c9b56b83eef67d1
at java.base/jdk.internal.reflect.DirectConstructorHandleAccessor.newInstance(DirectConstructorHandleAccessor.java:67)
at java.base/java.lang.reflect.Constructor.newInstanceWithCaller(Constructor.java:499)
at java.base/java.lang.reflect.Constructor.newInstance(Constructor.java:483)
at org.openqa.selenium.remote.ErrorCodec.decode(ErrorCodec.java:167)
at org.openqa.selenium.remote.codec.w3c.W3CHttpResponseCodec.decode(W3CHttpResponseCodec.java:138)
at org.openqa.selenium.remote.codec.w3c.W3CHttpResponseCodec.decode(W3CHttpResponseCodec.java:50)
at org.openqa.selenium.remote.HttpCommandExecutor.execute(HttpCommandExecutor.java:190)
at org.openqa.selenium.remote.service.DriverCommandExecutor.invokeExecute(DriverCommandExecutor.java:216)
at org.openqa.selenium.remote.service.DriverCommandExecutor.execute(DriverCommandExecutor.java:174)
at org.openqa.selenium.remote.RemoteWebDriver.execute(RemoteWebDriver.java:518)
at org.openqa.selenium.remote.ElementLocation$ElementFinder$2.findElement(ElementLocation.java:165)
at org.openqa.selenium.remote.ElementLocation.findElement(ElementLocation.java:59)
at org.openqa.selenium.remote.RemoteWebDriver.findElement(RemoteWebDriver.java:355)
at org.openqa.selenium.remote.RemoteWebDriver.findElement(RemoteWebDriver.java:349)
at pageclases.AddWidgetsOfServiceTemplates.clickOnCheckBoxAndTemplateName(AddWidgetsOfServiceTemplates.java:246)
at stepdefinations.AddWidgetsOfServiceTemplatesSteps.click_on_check_box_and_template_whose_name_as(AddWidgetsOfServiceTemplatesSteps.java:23)
at ✽.Click on checkBox and template whose name as "QADemo"(file:///C:/Users/LENOVO/git/repository2/Eco_PVT_LTD/src/test/resources/featureFiles/AddServiceTemplateWidgets.feature:14)
]]>
    </error>
  </testcase> <!-- runScenario -->
  <testcase classname="testrunner.SmartSenseRunner" name="runScenario" time="58.463"/>
  <testcase classname="testrunner.SmartSenseRunner" name="runScenario" time="9.303"/>
  <testcase classname="testrunner.SmartSenseRunner" name="runScenario" time="9.159"/>
  <testcase classname="testrunner.SmartSenseRunner" name="runScenario" time="47.920"/>
  <testcase classname="testrunner.SmartSenseRunner" name="runScenario" time="9.958"/>
  <testcase classname="testrunner.SmartSenseRunner" name="runScenario" time="12.867"/>
</testsuite> <!-- testrunner.SmartSenseRunner -->
